2015-09-23 16:47:39 DEBUG ControllerServlet:63 - /catalog
2015-09-23 16:48:09 DEBUG ControllerServlet:63 - /catalog
2015-09-23 16:48:16 DEBUG ControllerServlet:63 - /catalog
2015-09-23 16:48:19 DEBUG ControllerServlet:63 - /catalog
2015-09-23 17:22:45 DEBUG ControllerServlet:63 - /catalog
2015-09-23 17:38:01 DEBUG ControllerServlet:63 - /catalog
2015-09-23 17:48:54 DEBUG ControllerServlet:63 - /catalog
2015-09-23 17:48:58 DEBUG ControllerServlet:63 - /catalog
2015-09-23 17:52:44 DEBUG ControllerServlet:72 - classic
2015-09-23 19:09:23 DEBUG ControllerServlet:76 - 1
2015-09-23 21:11:01 INFO  ControllerServlet:47 - start initialize servlet
2015-09-23 21:11:01 DEBUG ControllerServlet:53 - 3.00
2015-09-23 21:11:01 INFO  ControllerServlet:58 - end initialize servlet
2015-09-23 23:06:50 INFO  ControllerServlet:47 - start initialize servlet
2015-09-23 23:06:50 DEBUG ControllerServlet:53 - 3.00
2015-09-23 23:06:50 INFO  ControllerServlet:58 - end initialize servlet
2015-09-23 23:08:50 INFO  ControllerServlet:47 - start initialize servlet
2015-09-23 23:08:50 DEBUG ControllerServlet:53 - 3.00
2015-09-23 23:08:50 INFO  ControllerServlet:58 - end initialize servlet
2015-09-23 23:19:48 INFO  ControllerServlet:47 - start initialize servlet
2015-09-23 23:19:48 DEBUG ControllerServlet:53 - 3.00
2015-09-23 23:19:48 INFO  ControllerServlet:58 - end initialize servlet
2015-09-23 23:25:51 INFO  ControllerServlet:47 - start initialize servlet
2015-09-23 23:25:51 DEBUG ControllerServlet:53 - 3.00
2015-09-23 23:25:51 INFO  ControllerServlet:58 - end initialize servlet
2015-09-23 23:27:52 INFO  ControllerServlet:47 - start initialize servlet
2015-09-23 23:27:52 INFO  ControllerServlet:58 - end initialize servlet
2015-09-23 23:28:16 INFO  ControllerServlet:47 - start initialize servlet
2015-09-23 23:28:16 INFO  ControllerServlet:58 - end initialize servlet
2015-09-23 23:28:33 INFO  ControllerServlet:184 - Start Create Validator
2015-09-23 23:28:33 INFO  ControllerServlet:186 - End Create Validator
2015-09-23 23:28:38 INFO  ControllerServlet:184 - Start Create Validator
2015-09-23 23:28:38 INFO  ControllerServlet:186 - End Create Validator
2015-09-23 23:28:43 INFO  ControllerServlet:184 - Start Create Validator
2015-09-23 23:28:43 INFO  ControllerServlet:186 - End Create Validator
2015-09-23 23:28:50 INFO  ControllerServlet:184 - Start Create Validator
2015-09-23 23:28:50 INFO  ControllerServlet:186 - End Create Validator
